# JRE version: Java(TM) SE Runtime Environment (23.0+37) (build 23+37-2369)
# Java VM: Java HotSpot(TM) 64-Bit Server VM (23+37-2369, mixed mode, sharing, tiered, compressed oops, compressed class ptrs, g1 gc, windows-amd64)
GC Precious Log:
 CardTable entry size: 512
 Card Set container configuration: InlinePtr #cards 5 size 8 Array Of Cards #cards 10 size 36 Howl #buckets 4 coarsen threshold 1843 Howl Bitmap #cards 512 size 80 coarsen threshold 460 Card regions per heap region 1 cards per card region 2048
 CPUs: 12 total, 12 available
 Memory: 7579M
 Large Page Support: Disabled
 NUMA Support: Disabled
 Compressed Oops: Enabled (32-bit)
 Heap Region Size: 1M
 Heap Min Capacity: 8M
 Heap Initial Capacity: 120M
 Heap Max Capacity: 1896M
 Pre-touch: Disabled
 Parallel Workers: 10
 Concurrent Workers: 3
 Concurrent Refinement Workers: 10
 Periodic GC: Disabled
Heap:
 garbage-first heap   total reserved 1941504K, committed 80896K, used 59210K [0x0000000089800000, 0x0000000100000000)
  region size 1024K, 26 young (26624K), 5 survivors (5120K)
 Metaspace       used 76563K, committed 77312K, reserved 1179648K
  class space    used 10706K, committed 11072K, reserved 1048576K
GC Heap History (20 events):
Event: 7.804 GC heap before
{Heap before GC invocations=10 (full 0):
 garbage-first heap   total reserved 1941504K, committed 66560K, used 53553K [0x0000000089800000, 0x0000000100000000)
  region size 1024K, 33 young (33792K), 4 survivors (4096K)
 Metaspace       used 54516K, committed 55104K, reserved 1114112K
  class space    used 7283K, committed 7552K, reserved 1048576K
}
Event: 7.810 GC heap after
{Heap after GC invocations=11 (full 0):
 garbage-first heap   total reserved 1941504K, committed 66560K, used 26779K [0x0000000089800000, 0x0000000100000000)
  region size 1024K, 3 young (3072K), 3 survivors (3072K)
 Metaspace       used 54516K, committed 55104K, reserved 1114112K
  class space    used 7283K, committed 7552K, reserved 1048576K
}
Event: 8.242 GC heap before
{Heap before GC invocations=11 (full 0):
 garbage-first heap   total reserved 1941504K, committed 66560K, used 50331K [0x0000000089800000, 0x0000000100000000)
  region size 1024K, 27 young (27648K), 3 survivors (3072K)
 Metaspace       used 59560K, committed 60160K, reserved 1114112K
  class space    used 8065K, committed 8320K, reserved 1048576K
}
Event: 8.246 GC heap after
{Heap after GC invocations=12 (full 0):
 garbage-first heap   total reserved 1941504K, committed 66560K, used 27545K [0x0000000089800000, 0x0000000100000000)
  region size 1024K, 3 young (3072K), 3 survivors (3072K)
 Metaspace       used 59560K, committed 60160K, reserved 1114112K
  class space    used 8065K, committed 8320K, reserved 1048576K
}
Event: 8.887 GC heap before
{Heap before GC invocations=13 (full 0):
 garbage-first heap   total reserved 1941504K, committed 66560K, used 58265K [0x0000000089800000, 0x0000000100000000)
  region size 1024K, 33 young (33792K), 3 survivors (3072K)
 Metaspace       used 65177K, committed 65792K, reserved 1114112K
  class space    used 8989K, committed 9280K, reserved 1048576K
}
Event: 8.900 GC heap after
{Heap after GC invocations=14 (full 0):
 garbage-first heap   total reserved 1941504K, committed 66560K, used 30223K [0x0000000089800000, 0x0000000100000000)
  region size 1024K, 4 young (4096K), 4 survivors (4096K)
 Metaspace       used 65177K, committed 65792K, reserved 1114112K
  class space    used 8989K, committed 9280K, reserved 1048576K
}
Event: 9.227 GC heap before
{Heap before GC invocations=14 (full 0):
 garbage-first heap   total reserved 1941504K, committed 66560K, used 57871K [0x0000000089800000, 0x0000000100000000)
  region size 1024K, 31 young (31744K), 4 survivors (4096K)
 Metaspace       used 68777K, committed 69440K, reserved 1114112K
  class space    used 9624K, committed 9920K, reserved 1048576K
}
Event: 9.237 GC heap after
{Heap after GC invocations=15 (full 0):
 garbage-first heap   total reserved 1941504K, committed 66560K, used 31351K [0x0000000089800000, 0x0000000100000000)
  region size 1024K, 2 young (2048K), 2 survivors (2048K)
 Metaspace       used 68777K, committed 69440K, reserved 1114112K
  class space    used 9624K, committed 9920K, reserved 1048576K
}
Event: 9.635 GC heap before
{Heap before GC invocations=15 (full 0):
 garbage-first heap   total reserved 1941504K, committed 66560K, used 58999K [0x0000000089800000, 0x0000000100000000)
  region size 1024K, 29 young (29696K), 2 survivors (2048K)
 Metaspace       used 70225K, committed 70848K, reserved 1114112K
  class space    used 9808K, committed 10048K, reserved 1048576K
}
Event: 9.638 GC heap after
{Heap after GC invocations=16 (full 0):
 garbage-first heap   total reserved 1941504K, committed 66560K, used 33419K [0x0000000089800000, 0x0000000100000000)
  region size 1024K, 4 young (4096K), 4 survivors (4096K)
 Metaspace       used 70225K, committed 70848K, reserved 1114112K
  class space    used 9808K, committed 10048K, reserved 1048576K
}
Event: 9.700 GC heap before
{Heap before GC invocations=16 (full 0):
 garbage-first heap   total reserved 1941504K, committed 66560K, used 57995K [0x0000000089800000, 0x0000000100000000)
  region size 1024K, 28 young (28672K), 4 survivors (4096K)
 Metaspace       used 70307K, committed 70976K, reserved 1114112K
  class space    used 9821K, committed 10112K, reserved 1048576K
}
Event: 9.705 GC heap after
{Heap after GC invocations=17 (full 0):
 garbage-first heap   total reserved 1941504K, committed 66560K, used 35457K [0x0000000089800000, 0x0000000100000000)
  region size 1024K, 3 young (3072K), 3 survivors (3072K)
 Metaspace       used 70307K, committed 70976K, reserved 1114112K
  class space    used 9821K, committed 10112K, reserved 1048576K
}
Event: 9.784 GC heap before
{Heap before GC invocations=18 (full 0):
 garbage-first heap   total reserved 1941504K, committed 66560K, used 57985K [0x0000000089800000, 0x0000000100000000)
  region size 1024K, 25 young (25600K), 3 survivors (3072K)
 Metaspace       used 70335K, committed 70976K, reserved 1114112K
  class space    used 9831K, committed 10112K, reserved 1048576K
}
Event: 9.787 GC heap after
{Heap after GC invocations=19 (full 0):
 garbage-first heap   total reserved 1941504K, committed 66560K, used 34677K [0x0000000089800000, 0x0000000100000000)
  region size 1024K, 2 young (2048K), 2 survivors (2048K)
 Metaspace       used 70335K, committed 70976K, reserved 1114112K
  class space    used 9831K, committed 10112K, reserved 1048576K
}
Event: 9.877 GC heap before
{Heap before GC invocations=19 (full 0):
 garbage-first heap   total reserved 1941504K, committed 66560K, used 59253K [0x0000000089800000, 0x0000000100000000)
  region size 1024K, 26 young (26624K), 2 survivors (2048K)
 Metaspace       used 70458K, committed 71040K, reserved 1114112K
  class space    used 9854K, committed 10112K, reserved 1048576K
}
Event: 9.880 GC heap after
{Heap after GC invocations=20 (full 0):
 garbage-first heap   total reserved 1941504K, committed 80896K, used 35221K [0x0000000089800000, 0x0000000100000000)
  region size 1024K, 3 young (3072K), 3 survivors (3072K)
 Metaspace       used 70458K, committed 71040K, reserved 1114112K
  class space    used 9854K, committed 10112K, reserved 1048576K
}
Event: 10.047 GC heap before
{Heap before GC invocations=20 (full 0):
 garbage-first heap   total reserved 1941504K, committed 80896K, used 71061K [0x0000000089800000, 0x0000000100000000)
  region size 1024K, 38 young (38912K), 3 survivors (3072K)
 Metaspace       used 70921K, committed 71552K, reserved 1114112K
  class space    used 9892K, committed 10176K, reserved 1048576K
}
Event: 10.050 GC heap after
{Heap after GC invocations=21 (full 0):
 garbage-first heap   total reserved 1941504K, committed 80896K, used 35892K [0x0000000089800000, 0x0000000100000000)
  region size 1024K, 3 young (3072K), 3 survivors (3072K)
 Metaspace       used 70921K, committed 71552K, reserved 1114112K
  class space    used 9892K, committed 10176K, reserved 1048576K
}
Event: 10.638 GC heap before
{Heap before GC invocations=22 (full 0):
 garbage-first heap   total reserved 1941504K, committed 80896K, used 71732K [0x0000000089800000, 0x0000000100000000)
  region size 1024K, 38 young (38912K), 3 survivors (3072K)
 Metaspace       used 74622K, committed 75328K, reserved 1114112K
  class space    used 10441K, committed 10752K, reserved 1048576K
}
Event: 10.643 GC heap after
{Heap after GC invocations=23 (full 0):
 garbage-first heap   total reserved 1941504K, committed 80896K, used 38730K [0x0000000089800000, 0x0000000100000000)
  region size 1024K, 5 young (5120K), 5 survivors (5120K)
 Metaspace       used 74622K, committed 75328K, reserved 1114112K
  class space    used 10441K, committed 10752K, reserved 1048576K
}

