# JRE version: Java(TM) SE Runtime Environment (23.0+37) (build 23+37-2369)
# Java VM: Java HotSpot(TM) 64-Bit Server VM (23+37-2369, mixed mode, sharing, tiered, compressed oops, compressed class ptrs, g1 gc, windows-amd64)
GC Precious Log:
 CardTable entry size: 512
 Card Set container configuration: InlinePtr #cards 5 size 8 Array Of Cards #cards 10 size 36 Howl #buckets 4 coarsen threshold 1843 Howl Bitmap #cards 512 size 80 coarsen threshold 460 Card regions per heap region 1 cards per card region 2048
 CPUs: 12 total, 12 available
 Memory: 7579M
 Large Page Support: Disabled
 NUMA Support: Disabled
 Compressed Oops: Enabled (32-bit)
 Heap Region Size: 1M
 Heap Min Capacity: 8M
 Heap Initial Capacity: 120M
 Heap Max Capacity: 1896M
 Pre-touch: Disabled
 Parallel Workers: 10
 Concurrent Workers: 3
 Concurrent Refinement Workers: 10
 Periodic GC: Disabled
Heap:
 garbage-first heap   total reserved 1941504K, committed 80896K, used 59488K [0x0000000089800000, 0x0000000100000000)
  region size 1024K, 23 young (23552K), 4 survivors (4096K)
 Metaspace       used 83290K, committed 84096K, reserved 1179648K
  class space    used 11568K, committed 11904K, reserved 1048576K
GC Heap History (20 events):
Event: 5.106 GC heap before
{Heap before GC invocations=10 (full 0):
 garbage-first heap   total reserved 1941504K, committed 66560K, used 53437K [0x0000000089800000, 0x0000000100000000)
  region size 1024K, 34 young (34816K), 5 survivors (5120K)
 Metaspace       used 54519K, committed 55104K, reserved 1114112K
  class space    used 7293K, committed 7552K, reserved 1048576K
}
Event: 5.114 GC heap after
{Heap after GC invocations=11 (full 0):
 garbage-first heap   total reserved 1941504K, committed 66560K, used 27044K [0x0000000089800000, 0x0000000100000000)
  region size 1024K, 3 young (3072K), 3 survivors (3072K)
 Metaspace       used 54519K, committed 55104K, reserved 1114112K
  class space    used 7293K, committed 7552K, reserved 1048576K
}
Event: 5.496 GC heap before
{Heap before GC invocations=11 (full 0):
 garbage-first heap   total reserved 1941504K, committed 66560K, used 50596K [0x0000000089800000, 0x0000000100000000)
  region size 1024K, 27 young (27648K), 3 survivors (3072K)
 Metaspace       used 59598K, committed 60160K, reserved 1114112K
  class space    used 8078K, committed 8320K, reserved 1048576K
}
Event: 5.500 GC heap after
{Heap after GC invocations=12 (full 0):
 garbage-first heap   total reserved 1941504K, committed 66560K, used 27390K [0x0000000089800000, 0x0000000100000000)
  region size 1024K, 3 young (3072K), 3 survivors (3072K)
 Metaspace       used 59598K, committed 60160K, reserved 1114112K
  class space    used 8078K, committed 8320K, reserved 1048576K
}
Event: 6.035 GC heap before
{Heap before GC invocations=13 (full 0):
 garbage-first heap   total reserved 1941504K, committed 66560K, used 57086K [0x0000000089800000, 0x0000000100000000)
  region size 1024K, 32 young (32768K), 3 survivors (3072K)
 Metaspace       used 65118K, committed 65792K, reserved 1114112K
  class space    used 8984K, committed 9280K, reserved 1048576K
}
Event: 6.042 GC heap after
{Heap after GC invocations=14 (full 0):
 garbage-first heap   total reserved 1941504K, committed 66560K, used 30216K [0x0000000089800000, 0x0000000100000000)
  region size 1024K, 4 young (4096K), 4 survivors (4096K)
 Metaspace       used 65118K, committed 65792K, reserved 1114112K
  class space    used 8984K, committed 9280K, reserved 1048576K
}
Event: 6.317 GC heap before
{Heap before GC invocations=14 (full 0):
 garbage-first heap   total reserved 1941504K, committed 66560K, used 56840K [0x0000000089800000, 0x0000000100000000)
  region size 1024K, 31 young (31744K), 4 survivors (4096K)
 Metaspace       used 68707K, committed 69312K, reserved 1114112K
  class space    used 9610K, committed 9856K, reserved 1048576K
}
Event: 6.331 GC heap after
{Heap after GC invocations=15 (full 0):
 garbage-first heap   total reserved 1941504K, committed 66560K, used 31544K [0x0000000089800000, 0x0000000100000000)
  region size 1024K, 2 young (2048K), 2 survivors (2048K)
 Metaspace       used 68707K, committed 69312K, reserved 1114112K
  class space    used 9610K, committed 9856K, reserved 1048576K
}
Event: 6.666 GC heap before
{Heap before GC invocations=15 (full 0):
 garbage-first heap   total reserved 1941504K, committed 66560K, used 59192K [0x0000000089800000, 0x0000000100000000)
  region size 1024K, 29 young (29696K), 2 survivors (2048K)
 Metaspace       used 70207K, committed 70848K, reserved 1114112K
  class space    used 9808K, committed 10048K, reserved 1048576K
}
Event: 6.669 GC heap after
{Heap after GC invocations=16 (full 0):
 garbage-first heap   total reserved 1941504K, committed 80896K, used 33626K [0x0000000089800000, 0x0000000100000000)
  region size 1024K, 4 young (4096K), 4 survivors (4096K)
 Metaspace       used 70207K, committed 70848K, reserved 1114112K
  class space    used 9808K, committed 10048K, reserved 1048576K
}
Event: 6.783 GC heap before
{Heap before GC invocations=16 (full 0):
 garbage-first heap   total reserved 1941504K, committed 80896K, used 70490K [0x0000000089800000, 0x0000000100000000)
  region size 1024K, 40 young (40960K), 4 survivors (4096K)
 Metaspace       used 70322K, committed 70976K, reserved 1114112K
  class space    used 9827K, committed 10112K, reserved 1048576K
}
Event: 6.788 GC heap after
{Heap after GC invocations=17 (full 0):
 garbage-first heap   total reserved 1941504K, committed 80896K, used 35524K [0x0000000089800000, 0x0000000100000000)
  region size 1024K, 5 young (5120K), 5 survivors (5120K)
 Metaspace       used 70322K, committed 70976K, reserved 1114112K
  class space    used 9827K, committed 10112K, reserved 1048576K
}
Event: 6.927 GC heap before
{Heap before GC invocations=17 (full 0):
 garbage-first heap   total reserved 1941504K, committed 80896K, used 69316K [0x0000000089800000, 0x0000000100000000)
  region size 1024K, 38 young (38912K), 5 survivors (5120K)
 Metaspace       used 70580K, committed 71168K, reserved 1114112K
  class space    used 9855K, committed 10112K, reserved 1048576K
}
Event: 6.931 GC heap after
{Heap after GC invocations=18 (full 0):
 garbage-first heap   total reserved 1941504K, committed 80896K, used 36276K [0x0000000089800000, 0x0000000100000000)
  region size 1024K, 3 young (3072K), 3 survivors (3072K)
 Metaspace       used 70580K, committed 71168K, reserved 1114112K
  class space    used 9855K, committed 10112K, reserved 1048576K
}
Event: 7.096 GC heap before
{Heap before GC invocations=19 (full 0):
 garbage-first heap   total reserved 1941504K, committed 80896K, used 72116K [0x0000000089800000, 0x0000000100000000)
  region size 1024K, 38 young (38912K), 3 survivors (3072K)
 Metaspace       used 70920K, committed 71552K, reserved 1114112K
  class space    used 9896K, committed 10176K, reserved 1048576K
}
Event: 7.098 GC heap after
{Heap after GC invocations=20 (full 0):
 garbage-first heap   total reserved 1941504K, committed 80896K, used 36549K [0x0000000089800000, 0x0000000100000000)
  region size 1024K, 3 young (3072K), 3 survivors (3072K)
 Metaspace       used 70920K, committed 71552K, reserved 1114112K
  class space    used 9896K, committed 10176K, reserved 1048576K
}
Event: 7.634 GC heap before
{Heap before GC invocations=20 (full 0):
 garbage-first heap   total reserved 1941504K, committed 80896K, used 72389K [0x0000000089800000, 0x0000000100000000)
  region size 1024K, 38 young (38912K), 3 survivors (3072K)
 Metaspace       used 74716K, committed 75392K, reserved 1114112K
  class space    used 10451K, committed 10752K, reserved 1048576K
}
Event: 7.640 GC heap after
{Heap after GC invocations=21 (full 0):
 garbage-first heap   total reserved 1941504K, committed 80896K, used 39243K [0x0000000089800000, 0x0000000100000000)
  region size 1024K, 5 young (5120K), 5 survivors (5120K)
 Metaspace       used 74716K, committed 75392K, reserved 1114112K
  class space    used 10451K, committed 10752K, reserved 1048576K
}
Event: 90.968 GC heap before
{Heap before GC invocations=21 (full 0):
 garbage-first heap   total reserved 1941504K, committed 80896K, used 69963K [0x0000000089800000, 0x0000000100000000)
  region size 1024K, 35 young (35840K), 5 survivors (5120K)
 Metaspace       used 79185K, committed 79936K, reserved 1179648K
  class space    used 11061K, committed 11392K, reserved 1048576K
}
Event: 90.975 GC heap after
{Heap after GC invocations=22 (full 0):
 garbage-first heap   total reserved 1941504K, committed 80896K, used 42080K [0x0000000089800000, 0x0000000100000000)
  region size 1024K, 4 young (4096K), 4 survivors (4096K)
 Metaspace       used 79185K, committed 79936K, reserved 1179648K
  class space    used 11061K, committed 11392K, reserved 1048576K
}

